<?xml version="1.0" encoding="UTF-8"?>
<!-- Generated by org.testng.reporters.JUnitReportReporter -->
<testsuite name="com.hrm.scripts.DeleteEmployee" tests="1" time="6.195" ignored="0" failures="0" timestamp="28 Feb 2017 23:25:54 GMT" skipped="0" hostname="CBT-081" errors="0">
  <testcase name="testDeleteEmployee" time="6.195" classname="com.hrm.scripts.DeleteEmployee"/>
</testsuite> <!-- com.hrm.scripts.DeleteEmployee -->
