<?xml version="1.0" encoding="UTF-8"?>
<!-- Generated by org.testng.reporters.JUnitReportReporter -->
<testsuite name="com.hrm.scripts.CreateEmployee" tests="1" time="7.262" ignored="9" failures="0" timestamp="28 Feb 2017 23:21:12 GMT" skipped="0" hostname="CBT-081" errors="0">
  <testcase name="testCreateEmployee" time="7.262" classname="com.hrm.scripts.CreateEmployee"/>
  <testcase name="initReport" classname="com.base.BaseTest">
    <skipped/>
  </testcase> <!-- initReport -->
  <testcase name="initReport" classname="com.base.BaseTest">
    <skipped/>
  </testcase> <!-- initReport -->
  <testcase name="initReport" classname="com.base.BaseTest">
    <skipped/>
  </testcase> <!-- initReport -->
  <testcase name="publishReport" classname="com.base.BaseTest">
    <skipped/>
  </testcase> <!-- publishReport -->
  <testcase name="publishReport" classname="com.base.BaseTest">
    <skipped/>
  </testcase> <!-- publishReport -->
  <testcase name="publishReport" classname="com.base.BaseTest">
    <skipped/>
  </testcase> <!-- publishReport -->
  <testcase name="initGlobalVar" classname="com.base.BaseTest">
    <skipped/>
  </testcase> <!-- initGlobalVar -->
  <testcase name="initGlobalVar" classname="com.base.BaseTest">
    <skipped/>
  </testcase> <!-- initGlobalVar -->
  <testcase name="initGlobalVar" classname="com.base.BaseTest">
    <skipped/>
  </testcase> <!-- initGlobalVar -->
</testsuite> <!-- com.hrm.scripts.CreateEmployee -->
