<?xml version="1.0" encoding="UTF-8"?>
<!-- Generated by org.testng.reporters.JUnitReportReporter -->
<testsuite name="com.hrm.scripts.VerifyDuplicateOption" tests="1" time="5.435" ignored="9" failures="0" timestamp="01 Mar 2017 12:51:26 GMT" skipped="0" hostname="CBT-081" errors="0">
  <testcase name="testVerifyDuplicateOption" time="5.435" classname="com.hrm.scripts.VerifyDuplicateOption"/>
  <testcase name="initReport" classname="com.base.BaseTest">
    <skipped/>
  </testcase> <!-- initReport -->
  <testcase name="initReport" classname="com.base.BaseTest">
    <skipped/>
  </testcase> <!-- initReport -->
  <testcase name="initReport" classname="com.base.BaseTest">
    <skipped/>
  </testcase> <!-- initReport -->
  <testcase name="publishReport" classname="com.base.BaseTest">
    <skipped/>
  </testcase> <!-- publishReport -->
  <testcase name="publishReport" classname="com.base.BaseTest">
    <skipped/>
  </testcase> <!-- publishReport -->
  <testcase name="publishReport" classname="com.base.BaseTest">
    <skipped/>
  </testcase> <!-- publishReport -->
  <testcase name="initGlobalVar" classname="com.base.BaseTest">
    <skipped/>
  </testcase> <!-- initGlobalVar -->
  <testcase name="initGlobalVar" classname="com.base.BaseTest">
    <skipped/>
  </testcase> <!-- initGlobalVar -->
  <testcase name="initGlobalVar" classname="com.base.BaseTest">
    <skipped/>
  </testcase> <!-- initGlobalVar -->
</testsuite> <!-- com.hrm.scripts.VerifyDuplicateOption -->
